This is pdfTeX, Version 3.14159265-2.6-1.40.18 (MiKTeX 2.9.6350 64-bit) (preloaded format=pdflatex 2017.9.29)  5 JAN 2019 21:45
entering extended mode
**./Dissertation.tex
(Dissertation.tex
LaTeX2e <2017-04-15>
Babel <3.10> and hyphenation patterns for 75 language(s) loaded.
("C:\Users\j_mit\AppData\Local\Programs\MiKTeX 2.9\tex\latex\base\article.cls"
Document Class: article 2014/09/29 v1.4h Standard LaTeX document class
("C:\Users\j_mit\AppData\Local\Programs\MiKTeX 2.9\tex\latex\base\size12.clo"
File: size12.clo 2014/09/29 v1.4h Standard LaTeX file (size option)
)
\c@part=\count79
\c@section=\count80
\c@subsection=\count81
\c@subsubsection=\count82
\c@paragraph=\count83
\c@subparagraph=\count84
\c@figure=\count85
\c@table=\count86
\abovecaptionskip=\skip41
\belowcaptionskip=\skip42
\bibindent=\dimen102
)
("C:\Users\j_mit\AppData\Local\Programs\MiKTeX 2.9\tex\latex\titlesec\titlesec.
sty"
Package: titlesec 2016/03/21 v2.10.2 Sectioning titles
\ttl@box=\box26
\beforetitleunit=\skip43
\aftertitleunit=\skip44
\ttl@plus=\dimen103
\ttl@minus=\dimen104
\ttl@toksa=\toks14
\titlewidth=\dimen105
\titlewidthlast=\dimen106
\titlewidthfirst=\dimen107
)
("C:\Users\j_mit\AppData\Local\Programs\MiKTeX 2.9\tex\latex\fancyhdr\fancyhdr.
sty"
Package: fancyhdr 2017/06/30 v3.9a Extensive control of page headers and footer
s
\f@nch@headwidth=\skip45
\f@nch@O@elh=\skip46
\f@nch@O@erh=\skip47
\f@nch@O@olh=\skip48
\f@nch@O@orh=\skip49
\f@nch@O@elf=\skip50
\f@nch@O@erf=\skip51
\f@nch@O@olf=\skip52
\f@nch@O@orf=\skip53
)
("C:\Users\j_mit\AppData\Local\Programs\MiKTeX 2.9\tex\latex\base\inputenc.sty"
Package: inputenc 2015/03/17 v1.2c Input encoding file
\inpenc@prehook=\toks15
\inpenc@posthook=\toks16
("C:\Users\j_mit\AppData\Local\Programs\MiKTeX 2.9\tex\latex\base\utf8.def"
File: utf8.def 2017/01/28 v1.1t UTF-8 support for inputenc
Now handling font encoding OML ...
... no UTF-8 mapping file for font encoding OML
Now handling font encoding T1 ...
... processing UTF-8 mapping file for font encoding T1

("C:\Users\j_mit\AppData\Local\Programs\MiKTeX 2.9\tex\latex\base\t1enc.dfu"
File: t1enc.dfu 2017/01/28 v1.1t UTF-8 support for inputenc
   defining Unicode char U+00A0 (decimal 160)
   defining Unicode char U+00A1 (decimal 161)
   defining Unicode char U+00A3 (decimal 163)
   defining Unicode char U+00AB (decimal 171)
   defining Unicode char U+00AD (decimal 173)
   defining Unicode char U+00BB (decimal 187)
   defining Unicode char U+00BF (decimal 191)
   defining Unicode char U+00C0 (decimal 192)
   defining Unicode char U+00C1 (decimal 193)
   defining Unicode char U+00C2 (decimal 194)
   defining Unicode char U+00C3 (decimal 195)
   defining Unicode char U+00C4 (decimal 196)
   defining Unicode char U+00C5 (decimal 197)
   defining Unicode char U+00C6 (decimal 198)
   defining Unicode char U+00C7 (decimal 199)
   defining Unicode char U+00C8 (decimal 200)
   defining Unicode char U+00C9 (decimal 201)
   defining Unicode char U+00CA (decimal 202)
   defining Unicode char U+00CB (decimal 203)
   defining Unicode char U+00CC (decimal 204)
   defining Unicode char U+00CD (decimal 205)
   defining Unicode char U+00CE (decimal 206)
   defining Unicode char U+00CF (decimal 207)
   defining Unicode char U+00D0 (decimal 208)
   defining Unicode char U+00D1 (decimal 209)
   defining Unicode char U+00D2 (decimal 210)
   defining Unicode char U+00D3 (decimal 211)
   defining Unicode char U+00D4 (decimal 212)
   defining Unicode char U+00D5 (decimal 213)
   defining Unicode char U+00D6 (decimal 214)
   defining Unicode char U+00D8 (decimal 216)
   defining Unicode char U+00D9 (decimal 217)
   defining Unicode char U+00DA (decimal 218)
   defining Unicode char U+00DB (decimal 219)
   defining Unicode char U+00DC (decimal 220)
   defining Unicode char U+00DD (decimal 221)
   defining Unicode char U+00DE (decimal 222)
   defining Unicode char U+00DF (decimal 223)
   defining Unicode char U+00E0 (decimal 224)
   defining Unicode char U+00E1 (decimal 225)
   defining Unicode char U+00E2 (decimal 226)
   defining Unicode char U+00E3 (decimal 227)
   defining Unicode char U+00E4 (decimal 228)
   defining Unicode char U+00E5 (decimal 229)
   defining Unicode char U+00E6 (decimal 230)
   defining Unicode char U+00E7 (decimal 231)
   defining Unicode char U+00E8 (decimal 232)
   defining Unicode char U+00E9 (decimal 233)
   defining Unicode char U+00EA (decimal 234)
   defining Unicode char U+00EB (decimal 235)
   defining Unicode char U+00EC (decimal 236)
   defining Unicode char U+00ED (decimal 237)
   defining Unicode char U+00EE (decimal 238)
   defining Unicode char U+00EF (decimal 239)
   defining Unicode char U+00F0 (decimal 240)
   defining Unicode char U+00F1 (decimal 241)
   defining Unicode char U+00F2 (decimal 242)
   defining Unicode char U+00F3 (decimal 243)
   defining Unicode char U+00F4 (decimal 244)
   defining Unicode char U+00F5 (decimal 245)
   defining Unicode char U+00F6 (decimal 246)
   defining Unicode char U+00F8 (decimal 248)
   defining Unicode char U+00F9 (decimal 249)
   defining Unicode char U+00FA (decimal 250)
   defining Unicode char U+00FB (decimal 251)
   defining Unicode char U+00FC (decimal 252)
   defining Unicode char U+00FD (decimal 253)
   defining Unicode char U+00FE (decimal 254)
   defining Unicode char U+00FF (decimal 255)
   defining Unicode char U+0100 (decimal 256)
   defining Unicode char U+0101 (decimal 257)
   defining Unicode char U+0102 (decimal 258)
   defining Unicode char U+0103 (decimal 259)
   defining Unicode char U+0104 (decimal 260)
   defining Unicode char U+0105 (decimal 261)
   defining Unicode char U+0106 (decimal 262)
   defining Unicode char U+0107 (decimal 263)
   defining Unicode char U+0108 (decimal 264)
   defining Unicode char U+0109 (decimal 265)
   defining Unicode char U+010A (decimal 266)
   defining Unicode char U+010B (decimal 267)
   defining Unicode char U+010C (decimal 268)
   defining Unicode char U+010D (decimal 269)
   defining Unicode char U+010E (decimal 270)
   defining Unicode char U+010F (decimal 271)
   defining Unicode char U+0110 (decimal 272)
   defining Unicode char U+0111 (decimal 273)
   defining Unicode char U+0112 (decimal 274)
   defining Unicode char U+0113 (decimal 275)
   defining Unicode char U+0114 (decimal 276)
   defining Unicode char U+0115 (decimal 277)
   defining Unicode char U+0116 (decimal 278)
   defining Unicode char U+0117 (decimal 279)
   defining Unicode char U+0118 (decimal 280)
   defining Unicode char U+0119 (decimal 281)
   defining Unicode char U+011A (decimal 282)
   defining Unicode char U+011B (decimal 283)
   defining Unicode char U+011C (decimal 284)
   defining Unicode char U+011D (decimal 285)
   defining Unicode char U+011E (decimal 286)
   defining Unicode char U+011F (decimal 287)
   defining Unicode char U+0120 (decimal 288)
   defining Unicode char U+0121 (decimal 289)
   defining Unicode char U+0122 (decimal 290)
   defining Unicode char U+0123 (decimal 291)
   defining Unicode char U+0124 (decimal 292)
   defining Unicode char U+0125 (decimal 293)
   defining Unicode char U+0128 (decimal 296)
   defining Unicode char U+0129 (decimal 297)
   defining Unicode char U+012A (decimal 298)
   defining Unicode char U+012B (decimal 299)
   defining Unicode char U+012C (decimal 300)
   defining Unicode char U+012D (decimal 301)
   defining Unicode char U+012E (decimal 302)
   defining Unicode char U+012F (decimal 303)
   defining Unicode char U+0130 (decimal 304)
   defining Unicode char U+0131 (decimal 305)
   defining Unicode char U+0132 (decimal 306)
   defining Unicode char U+0133 (decimal 307)
   defining Unicode char U+0134 (decimal 308)
   defining Unicode char U+0135 (decimal 309)
   defining Unicode char U+0136 (decimal 310)
   defining Unicode char U+0137 (decimal 311)
   defining Unicode char U+0139 (decimal 313)
   defining Unicode char U+013A (decimal 314)
   defining Unicode char U+013B (decimal 315)
   defining Unicode char U+013C (decimal 316)
   defining Unicode char U+013D (decimal 317)
   defining Unicode char U+013E (decimal 318)
   defining Unicode char U+0141 (decimal 321)
   defining Unicode char U+0142 (decimal 322)
   defining Unicode char U+0143 (decimal 323)
   defining Unicode char U+0144 (decimal 324)
   defining Unicode char U+0145 (decimal 325)
   defining Unicode char U+0146 (decimal 326)
   defining Unicode char U+0147 (decimal 327)
   defining Unicode char U+0148 (decimal 328)
   defining Unicode char U+014A (decimal 330)
   defining Unicode char U+014B (decimal 331)
   defining Unicode char U+014C (decimal 332)
   defining Unicode char U+014D (decimal 333)
   defining Unicode char U+014E (decimal 334)
   defining Unicode char U+014F (decimal 335)
   defining Unicode char U+0150 (decimal 336)
   defining Unicode char U+0151 (decimal 337)
   defining Unicode char U+0152 (decimal 338)
   defining Unicode char U+0153 (decimal 339)
   defining Unicode char U+0154 (decimal 340)
   defining Unicode char U+0155 (decimal 341)
   defining Unicode char U+0156 (decimal 342)
   defining Unicode char U+0157 (decimal 343)
   defining Unicode char U+0158 (decimal 344)
   defining Unicode char U+0159 (decimal 345)
   defining Unicode char U+015A (decimal 346)
   defining Unicode char U+015B (decimal 347)
   defining Unicode char U+015C (decimal 348)
   defining Unicode char U+015D (decimal 349)
   defining Unicode char U+015E (decimal 350)
   defining Unicode char U+015F (decimal 351)
   defining Unicode char U+0160 (decimal 352)
   defining Unicode char U+0161 (decimal 353)
   defining Unicode char U+0162 (decimal 354)
   defining Unicode char U+0163 (decimal 355)
   defining Unicode char U+0164 (decimal 356)
   defining Unicode char U+0165 (decimal 357)
   defining Unicode char U+0168 (decimal 360)
   defining Unicode char U+0169 (decimal 361)
   defining Unicode char U+016A (decimal 362)
   defining Unicode char U+016B (decimal 363)
   defining Unicode char U+016C (decimal 364)
   defining Unicode char U+016D (decimal 365)
   defining Unicode char U+016E (decimal 366)
   defining Unicode char U+016F (decimal 367)
   defining Unicode char U+0170 (decimal 368)
   defining Unicode char U+0171 (decimal 369)
   defining Unicode char U+0172 (decimal 370)
   defining Unicode char U+0173 (decimal 371)
   defining Unicode char U+0174 (decimal 372)
   defining Unicode char U+0175 (decimal 373)
   defining Unicode char U+0176 (decimal 374)
   defining Unicode char U+0177 (decimal 375)
   defining Unicode char U+0178 (decimal 376)
   defining Unicode char U+0179 (decimal 377)
   defining Unicode char U+017A (decimal 378)
   defining Unicode char U+017B (decimal 379)
   defining Unicode char U+017C (decimal 380)
   defining Unicode char U+017D (decimal 381)
   defining Unicode char U+017E (decimal 382)
   defining Unicode char U+01CD (decimal 461)
   defining Unicode char U+01CE (decimal 462)
   defining Unicode char U+01CF (decimal 463)
   defining Unicode char U+01D0 (decimal 464)
   defining Unicode char U+01D1 (decimal 465)
   defining Unicode char U+01D2 (decimal 466)
   defining Unicode char U+01D3 (decimal 467)
   defining Unicode char U+01D4 (decimal 468)
   defining Unicode char U+01E2 (decimal 482)
   defining Unicode char U+01E3 (decimal 483)
   defining Unicode char U+01E6 (decimal 486)
   defining Unicode char U+01E7 (decimal 487)
   defining Unicode char U+01E8 (decimal 488)
   defining Unicode char U+01E9 (decimal 489)
   defining Unicode char U+01EA (decimal 490)
   defining Unicode char U+01EB (decimal 491)
   defining Unicode char U+01F0 (decimal 496)
   defining Unicode char U+01F4 (decimal 500)
   defining Unicode char U+01F5 (decimal 501)
   defining Unicode char U+0218 (decimal 536)
   defining Unicode char U+0219 (decimal 537)
   defining Unicode char U+021A (decimal 538)
   defining Unicode char U+021B (decimal 539)
   defining Unicode char U+0232 (decimal 562)
   defining Unicode char U+0233 (decimal 563)
   defining Unicode char U+1E02 (decimal 7682)
   defining Unicode char U+1E03 (decimal 7683)
   defining Unicode char U+200C (decimal 8204)
   defining Unicode char U+2010 (decimal 8208)
   defining Unicode char U+2011 (decimal 8209)
   defining Unicode char U+2012 (decimal 8210)
   defining Unicode char U+2013 (decimal 8211)
   defining Unicode char U+2014 (decimal 8212)
   defining Unicode char U+2015 (decimal 8213)
   defining Unicode char U+2018 (decimal 8216)
   defining Unicode char U+2019 (decimal 8217)
   defining Unicode char U+201A (decimal 8218)
   defining Unicode char U+201C (decimal 8220)
   defining Unicode char U+201D (decimal 8221)
   defining Unicode char U+201E (decimal 8222)
   defining Unicode char U+2030 (decimal 8240)
   defining Unicode char U+2031 (decimal 8241)
   defining Unicode char U+2039 (decimal 8249)
   defining Unicode char U+203A (decimal 8250)
   defining Unicode char U+2423 (decimal 9251)
   defining Unicode char U+1E20 (decimal 7712)
   defining Unicode char U+1E21 (decimal 7713)
)
Now handling font encoding OT1 ...
... processing UTF-8 mapping file for font encoding OT1

("C:\Users\j_mit\AppData\Local\Programs\MiKTeX 2.9\tex\latex\base\ot1enc.dfu"
File: ot1enc.dfu 2017/01/28 v1.1t UTF-8 support for inputenc
   defining Unicode char U+00A0 (decimal 160)
   defining Unicode char U+00A1 (decimal 161)
   defining Unicode char U+00A3 (decimal 163)
   defining Unicode char U+00AD (decimal 173)
   defining Unicode char U+00B8 (decimal 184)
   defining Unicode char U+00BF (decimal 191)
   defining Unicode char U+00C5 (decimal 197)
   defining Unicode char U+00C6 (decimal 198)
   defining Unicode char U+00D8 (decimal 216)
   defining Unicode char U+00DF (decimal 223)
   defining Unicode char U+00E6 (decimal 230)
   defining Unicode char U+00EC (decimal 236)
   defining Unicode char U+00ED (decimal 237)
   defining Unicode char U+00EE (decimal 238)
   defining Unicode char U+00EF (decimal 239)
   defining Unicode char U+00F8 (decimal 248)
   defining Unicode char U+0131 (decimal 305)
   defining Unicode char U+0141 (decimal 321)
   defining Unicode char U+0142 (decimal 322)
   defining Unicode char U+0152 (decimal 338)
   defining Unicode char U+0153 (decimal 339)
   defining Unicode char U+0174 (decimal 372)
   defining Unicode char U+0175 (decimal 373)
   defining Unicode char U+0176 (decimal 374)
   defining Unicode char U+0177 (decimal 375)
   defining Unicode char U+0218 (decimal 536)
   defining Unicode char U+0219 (decimal 537)
   defining Unicode char U+021A (decimal 538)
   defining Unicode char U+021B (decimal 539)
   defining Unicode char U+2013 (decimal 8211)
   defining Unicode char U+2014 (decimal 8212)
   defining Unicode char U+2018 (decimal 8216)
   defining Unicode char U+2019 (decimal 8217)
   defining Unicode char U+201C (decimal 8220)
   defining Unicode char U+201D (decimal 8221)
)
Now handling font encoding OMS ...
... processing UTF-8 mapping file for font encoding OMS

("C:\Users\j_mit\AppData\Local\Programs\MiKTeX 2.9\tex\latex\base\omsenc.dfu"
File: omsenc.dfu 2017/01/28 v1.1t UTF-8 support for inputenc
   defining Unicode char U+00A7 (decimal 167)
   defining Unicode char U+00B6 (decimal 182)
   defining Unicode char U+00B7 (decimal 183)
   defining Unicode char U+2020 (decimal 8224)
   defining Unicode char U+2021 (decimal 8225)
   defining Unicode char U+2022 (decimal 8226)
)
Now handling font encoding OMX ...
... no UTF-8 mapping file for font encoding OMX
Now handling font encoding U ...
... no UTF-8 mapping file for font encoding U
   defining Unicode char U+00A9 (decimal 169)
   defining Unicode char U+00AA (decimal 170)
   defining Unicode char U+00AE (decimal 174)
   defining Unicode char U+00BA (decimal 186)
   defining Unicode char U+02C6 (decimal 710)
   defining Unicode char U+02DC (decimal 732)
   defining Unicode char U+200C (decimal 8204)
   defining Unicode char U+2026 (decimal 8230)
   defining Unicode char U+2122 (decimal 8482)
   defining Unicode char U+2423 (decimal 9251)
))
("C:\Users\j_mit\AppData\Local\Programs\MiKTeX 2.9\tex\latex\graphics\graphicx.
sty"
Package: graphicx 2014/10/28 v1.0g Enhanced LaTeX Graphics (DPC,SPQR)

("C:\Users\j_mit\AppData\Local\Programs\MiKTeX 2.9\tex\latex\graphics\keyval.st
y"
Package: keyval 2014/10/28 v1.15 key=value parser (DPC)
\KV@toks@=\toks17
)
("C:\Users\j_mit\AppData\Local\Programs\MiKTeX 2.9\tex\latex\graphics\graphics.
sty"
Package: graphics 2017/04/14 v1.1b Standard LaTeX Graphics (DPC,SPQR)

("C:\Users\j_mit\AppData\Local\Programs\MiKTeX 2.9\tex\latex\graphics\trig.sty"
Package: trig 2016/01/03 v1.10 sin cos tan (DPC)
)
("C:\Users\j_mit\AppData\Local\Programs\MiKTeX 2.9\tex\latex\graphics-cfg\graph
ics.cfg"
File: graphics.cfg 2016/06/04 v1.11 sample graphics configuration
)
Package graphics Info: Driver file: pdftex.def on input line 99.

("C:\Users\j_mit\AppData\Local\Programs\MiKTeX 2.9\tex\latex\graphics-def\pdfte
x.def"
File: pdftex.def 2017/01/12 v0.06k Graphics/color for pdfTeX

("C:\Users\j_mit\AppData\Local\Programs\MiKTeX 2.9\tex\generic\oberdiek\infware
rr.sty"
Package: infwarerr 2016/05/16 v1.4 Providing info/warning/error messages (HO)
)
("C:\Users\j_mit\AppData\Local\Programs\MiKTeX 2.9\tex\generic\oberdiek\ltxcmds
.sty"
Package: ltxcmds 2016/05/16 v1.23 LaTeX kernel commands for general use (HO)
)
\Gread@gobject=\count87
))
\Gin@req@height=\dimen108
\Gin@req@width=\dimen109
)
("C:\Users\j_mit\AppData\Local\Programs\MiKTeX 2.9\tex\latex\booktabs\booktabs.
sty"
Package: booktabs 2005/04/14 v1.61803 publication quality tables
\heavyrulewidth=\dimen110
\lightrulewidth=\dimen111
\cmidrulewidth=\dimen112
\belowrulesep=\dimen113
\belowbottomsep=\dimen114
\aboverulesep=\dimen115
\abovetopsep=\dimen116
\cmidrulesep=\dimen117
\cmidrulekern=\dimen118
\defaultaddspace=\dimen119
\@cmidla=\count88
\@cmidlb=\count89
\@aboverulesep=\dimen120
\@belowrulesep=\dimen121
\@thisruleclass=\count90
\@lastruleclass=\count91
\@thisrulewidth=\dimen122
)
("C:\Users\j_mit\AppData\Local\Programs\MiKTeX 2.9\tex\latex\tools\array.sty"
Package: array 2016/10/06 v2.4d Tabular extension package (FMi)
\col@sep=\dimen123
\extrarowheight=\dimen124
\NC@list=\toks18
\extratabsurround=\skip54
\backup@length=\skip55
)
("C:\Users\j_mit\AppData\Local\Programs\MiKTeX 2.9\tex\latex\paralist\paralist.
sty"
Package: paralist 2017/01/22 v2.7 Extended list environments
\pltopsep=\skip56
\plpartopsep=\skip57
\plitemsep=\skip58
\plparsep=\skip59
\pl@lab=\toks19
)
("C:\Users\j_mit\AppData\Local\Programs\MiKTeX 2.9\tex\latex\tools\verbatim.sty
"
Package: verbatim 2014/10/28 v1.5q LaTeX2e package for verbatim enhancements
\every@verbatim=\toks20
\verbatim@line=\toks21
\verbatim@in@stream=\read1
)
("C:\Users\j_mit\AppData\Local\Programs\MiKTeX 2.9\tex\latex\subfig\subfig.sty"
Package: subfig 2005/06/28 ver: 1.3 subfig package

("C:\Users\j_mit\AppData\Local\Programs\MiKTeX 2.9\tex\latex\caption\caption.st
y"
Package: caption 2016/02/21 v3.3-144 Customizing captions (AR)

("C:\Users\j_mit\AppData\Local\Programs\MiKTeX 2.9\tex\latex\caption\caption3.s
ty"
Package: caption3 2016/05/22 v1.7-166 caption3 kernel (AR)
Package caption3 Info: TeX engine: e-TeX on input line 67.
\captionmargin=\dimen125
\captionmargin@=\dimen126
\captionwidth=\dimen127
\caption@tempdima=\dimen128
\caption@indent=\dimen129
\caption@parindent=\dimen130
\caption@hangindent=\dimen131
)
\c@ContinuedFloat=\count92
)
\c@KVtest=\count93
\sf@farskip=\skip60
\sf@captopadj=\dimen132
\sf@capskip=\skip61
\sf@nearskip=\skip62
\c@subfigure=\count94
\c@subfigure@save=\count95
\c@lofdepth=\count96
\c@subtable=\count97
\c@subtable@save=\count98
\c@lotdepth=\count99
\sf@top=\skip63
\sf@bottom=\skip64
)
("C:\Users\j_mit\AppData\Local\Programs\MiKTeX 2.9\tex\latex\appendix\appendix.
sty"
Package: appendix 2009/09/02 v1.2b extra appendix facilities
\c@@pps=\count100
\c@@ppsavesec=\count101
\c@@ppsaveapp=\count102
) (Dissertation.aux)
\openout1 = `Dissertation.aux'.

LaTeX Font Info:    Checking defaults for OML/cmm/m/it on input line 56.
LaTeX Font Info:    ... okay on input line 56.
LaTeX Font Info:    Checking defaults for T1/cmr/m/n on input line 56.
LaTeX Font Info:    ... okay on input line 56.
LaTeX Font Info:    Checking defaults for OT1/cmr/m/n on input line 56.
LaTeX Font Info:    ... okay on input line 56.
LaTeX Font Info:    Checking defaults for OMS/cmsy/m/n on input line 56.
LaTeX Font Info:    ... okay on input line 56.
LaTeX Font Info:    Checking defaults for OMX/cmex/m/n on input line 56.
LaTeX Font Info:    ... okay on input line 56.
LaTeX Font Info:    Checking defaults for U/cmr/m/n on input line 56.
LaTeX Font Info:    ... okay on input line 56.

("C:\Users\j_mit\AppData\Local\Programs\MiKTeX 2.9\tex\context\base\supp-pdf.mk
ii"
[Loading MPS to PDF converter (version 2006.09.02).]
\scratchcounter=\count103
\scratchdimen=\dimen133
\scratchbox=\box27
\nofMPsegments=\count104
\nofMParguments=\count105
\everyMPshowfont=\toks22
\MPscratchCnt=\count106
\MPscratchDim=\dimen134
\MPnumerator=\count107
\makeMPintoPDFobject=\count108
\everyMPtoPDFconversion=\toks23
)
("C:\Users\j_mit\AppData\Local\Programs\MiKTeX 2.9\tex\generic\oberdiek\pdftexc
mds.sty"
Package: pdftexcmds 2017/03/19 v0.25 Utility functions of pdfTeX for LuaTeX (HO
)

("C:\Users\j_mit\AppData\Local\Programs\MiKTeX 2.9\tex\generic\oberdiek\ifluate
x.sty"
Package: ifluatex 2016/05/16 v1.4 Provides the ifluatex switch (HO)
Package ifluatex Info: LuaTeX not detected.
)
("C:\Users\j_mit\AppData\Local\Programs\MiKTeX 2.9\tex\generic\oberdiek\ifpdf.s
ty"
Package: ifpdf 2017/03/15 v3.2 Provides the ifpdf switch
)
Package pdftexcmds Info: LuaTeX not detected.
Package pdftexcmds Info: \pdf@primitive is available.
Package pdftexcmds Info: \pdf@ifprimitive is available.
Package pdftexcmds Info: \pdfdraftmode found.
)
("C:\Users\j_mit\AppData\Local\Programs\MiKTeX 2.9\tex\latex\oberdiek\epstopdf-
base.sty"
Package: epstopdf-base 2016/05/15 v2.6 Base part for package epstopdf

("C:\Users\j_mit\AppData\Local\Programs\MiKTeX 2.9\tex\latex\oberdiek\grfext.st
y"
Package: grfext 2016/05/16 v1.2 Manage graphics extensions (HO)

("C:\Users\j_mit\AppData\Local\Programs\MiKTeX 2.9\tex\generic\oberdiek\kvdefin
ekeys.sty"
Package: kvdefinekeys 2016/05/16 v1.4 Define keys (HO)
))
("C:\Users\j_mit\AppData\Local\Programs\MiKTeX 2.9\tex\latex\oberdiek\kvoptions
.sty"
Package: kvoptions 2016/05/16 v3.12 Key value format for package options (HO)

("C:\Users\j_mit\AppData\Local\Programs\MiKTeX 2.9\tex\generic\oberdiek\kvsetke
ys.sty"
Package: kvsetkeys 2016/05/16 v1.17 Key value parser (HO)

("C:\Users\j_mit\AppData\Local\Programs\MiKTeX 2.9\tex\generic\oberdiek\etexcmd
s.sty"
Package: etexcmds 2016/05/16 v1.6 Avoid name clashes with e-TeX commands (HO)
Package etexcmds Info: Could not find \expanded.
(etexcmds)             That can mean that you are not using pdfTeX 1.50 or
(etexcmds)             that some package has redefined \expanded.
(etexcmds)             In the latter case, load this package earlier.
)))
Package epstopdf-base Info: Redefining graphics rule for `.eps' on input line 4
38.
Package grfext Info: Graphics extension search list:
(grfext)             [.png,.pdf,.jpg,.mps,.jpeg,.jbig2,.jb2,.PNG,.PDF,.JPG,.JPE
G,.JBIG2,.JB2,.eps]
(grfext)             \AppendGraphicsExtensions on input line 456.
)
Package caption Info: Begin \AtBeginDocument code.
Package caption Info: subfig package v1.3 is loaded.
Package caption Info: End \AtBeginDocument code.
 (Dissertation-Title.tex
LaTeX Font Info:    External font `cmex10' loaded for size
(Font)              <12> on input line 19.
LaTeX Font Info:    External font `cmex10' loaded for size
(Font)              <8> on input line 19.
LaTeX Font Info:    External font `cmex10' loaded for size
(Font)              <6> on input line 19.
 [1

{C:/Users/j_mit/AppData/Local/MiKTeX/2.9/pdftex/config/pdftex.map}]) (Dissertat
ion-Dec.tex) [1] (Dissertation-DP.tex)
[2] [3] (Dissertation.toc [4]
Overfull \hbox (1.46263pt too wide) in paragraph at lines 62--62
 [][] []\OT1/cmr/m/n/12 Prototype De-vel-op-ment with a sin-gle cen-tralised da
tabase []  
 []

)
\tf@toc=\write3
\openout3 = `Dissertation.toc'.

 [5] (Dissertation.lot)
\tf@lot=\write4
\openout4 = `Dissertation.lot'.

 [6] (Dissertation.lof)
\tf@lof=\write5
\openout5 = `Dissertation.lof'.

 [7] [8] (Chp1Intro.tex
Overfull \hbox (6.55421pt too wide) in paragraph at lines 3--7
[]\OT1/cmr/m/n/12 Traditionally, soft-ware ap-pli-ca-tions/systems are de-vel-o
ped us-ing the Mono-
 []

[9] [10]
LaTeX Font Info:    Try loading font information for OMS+cmr on input line 31.

("C:\Users\j_mit\AppData\Local\Programs\MiKTeX 2.9\tex\latex\base\omscmr.fd"
File: omscmr.fd 2014/09/29 v2.5h Standard LaTeX font definitions
)
LaTeX Font Info:    Font shape `OMS/cmr/m/n' in size <12> not available
(Font)              Font shape `OMS/cmsy/m/n' tried instead on input line 31.

[11]) (Chp2LitReview.tex [12] (Chapter2/Microservices.tex
<./Images/MSAexample.png, id=49, 453.94594pt x 228.855pt>
File: ./Images/MSAexample.png Graphic file (type png)

<use ./Images/MSAexample.png>
Package pdftex.def Info: ./Images/MSAexample.png used on input line 11.
(pdftex.def)             Requested size: 453.94482pt x 228.85443pt.

Overfull \hbox (63.94482pt too wide) in paragraph at lines 11--13
 [][] 
 []

[13 <./Images/MSAexample.png>]
<./Images/ConwaysLaw.png, id=53, 444.91219pt x 350.05782pt>
File: ./Images/ConwaysLaw.png Graphic file (type png)

<use ./Images/ConwaysLaw.png>
Package pdftex.def Info: ./Images/ConwaysLaw.png used on input line 35.
(pdftex.def)             Requested size: 444.91109pt x 350.05695pt.

Overfull \hbox (54.91109pt too wide) in paragraph at lines 35--37
 [][] 
 []

<./Images/ConwaysLawOpposite.png, id=54, 475.7775pt x 257.46187pt>
File: ./Images/ConwaysLawOpposite.png Graphic file (type png)

<use ./Images/ConwaysLawOpposite.png>
Package pdftex.def Info: ./Images/ConwaysLawOpposite.png used on input line 42.

(pdftex.def)             Requested size: 475.77632pt x 257.46123pt.

Overfull \hbox (85.77632pt too wide) in paragraph at lines 42--44
 [][] 
 []


LaTeX Warning: `h' float specifier changed to `ht'.

[14]

LaTeX Warning: `h' float specifier changed to `ht'.

[15 <./Images/ConwaysLaw.png>] [16 <./Images/ConwaysLawOpposite.png>] [17]
<./Images/AutomatedTestingDeployment.png, id=67, 481.04718pt x 144.54pt>
File: ./Images/AutomatedTestingDeployment.png Graphic file (type png)

<use ./Images/AutomatedTestingDeployment.png>
Package pdftex.def Info: ./Images/AutomatedTestingDeployment.png used on input 
line 80.
(pdftex.def)             Requested size: 481.046pt x 144.53963pt.

Overfull \hbox (91.046pt too wide) in paragraph at lines 80--82
 [][] 
 []

[18 <./Images/AutomatedTestingDeployment.png>]
Overfull \hbox (30.03972pt too wide) in paragraph at lines 92--94
\OT1/cmr/m/n/12 But there are dis-ad-van-tages. A po-ten-tial risk to con-tin-u
-ous de-ploy-ment/integration
 []

) [19] (Chapter2/DomainDrivenDesign.tex [20]) [21]
(Chapter2/SingleResponsibilityPrinciple.tex) [22] (Chapter2/RESTful.tex
[23]) [24] (Chapter2/PolyglotProgPersist.tex
<./Images/PolyglotPersistence.png, id=91, 294.34969pt x 161.85469pt>
File: ./Images/PolyglotPersistence.png Graphic file (type png)

<use ./Images/PolyglotPersistence.png>
Package pdftex.def Info: ./Images/PolyglotPersistence.png used on input line 20
.
(pdftex.def)             Requested size: 294.34895pt x 161.85428pt.
 [25]) [26 <./Images/PolyglotPersistence.png>] [27] [28] [29] (Chapter2/Conclus
ion.tex
Overfull \hbox (7.00699pt too wide) in paragraph at lines 3--4
[]\OT1/cmr/m/n/12 The Mi-croser-vice Ar-chi-tec-ture is an ef-fec-tive im-ple-m
en-ta-tion of the Service-
 []

)) [30] (Chapter3/ProposedDesign.tex
<./Images/HighLevelAbstract.jpg, id=113, 767.86874pt x 684.30656pt>
File: ./Images/HighLevelAbstract.jpg Graphic file (type jpg)

<use ./Images/HighLevelAbstract.jpg>
Package pdftex.def Info: ./Images/HighLevelAbstract.jpg used on input line 13.
(pdftex.def)             Requested size: 426.79318pt x 341.4424pt.

Overfull \hbox (36.79318pt too wide) in paragraph at lines 13--14
[][] 
 []

[31 <./Images/HighLevelAbstract.jpg>]
<./Images/BoundedContexts.jpg, id=117, 944.02687pt x 472.76625pt>
File: ./Images/BoundedContexts.jpg Graphic file (type jpg)

<use ./Images/BoundedContexts.jpg>
Package pdftex.def Info: ./Images/BoundedContexts.jpg used on input line 26.
(pdftex.def)             Requested size: 455.24524pt x 284.5348pt.

Overfull \hbox (65.24524pt too wide) in paragraph at lines 26--27
[][] 
 []


LaTeX Warning: `h' float specifier changed to `ht'.

[32] <./Images/MicroserviceInterfaces.jpg, id=121, 457.71pt x 386.19281pt>
File: ./Images/MicroserviceInterfaces.jpg Graphic file (type jpg)

<use ./Images/MicroserviceInterfaces.jpg>
Package pdftex.def Info: ./Images/MicroserviceInterfaces.jpg used on input line
 45.
(pdftex.def)             Requested size: 426.80432pt x 426.79337pt.

Overfull \hbox (36.80432pt too wide) in paragraph at lines 45--46
[][] 
 []

[33 <./Images/BoundedContexts.jpg>] [34 <./Images/MicroserviceInterfaces.jpg>]
Underfull \hbox (badness 10000) in paragraph at lines 55--56

 []

[35] <./Images/ServiceInteraction.jpg, id=131, 1556.81625pt x 856.70062pt>
File: ./Images/ServiceInteraction.jpg Graphic file (type jpg)

<use ./Images/ServiceInteraction.jpg>
Package pdftex.def Info: ./Images/ServiceInteraction.jpg used on input line 64.

(pdftex.def)             Requested size: 483.70079pt x 426.79367pt.

Overfull \hbox (93.70079pt too wide) in paragraph at lines 64--65
[][] 
 []

[36 <./Images/ServiceInteraction.jpg>] [37]) (Chapter4/Chp4Prototype.tex
[38] (Chapter4/ReqSpec.tex
Overfull \hbox (6.58894pt too wide) in paragraph at lines 17--19
[]\OT1/cmr/m/n/12 This pro-to-type will pro-vide ba-sic func-tions com-monly fo
und in E-commerce
 []

[39] [40] [41] [42]) [43] [44] (Chapter4/Development.tex
<./Images//DevelopmentPics/AzureCatalogueMSImage.png, id=161, 813.0375pt x 106.
14656pt>
File: ./Images//DevelopmentPics/AzureCatalogueMSImage.png Graphic file (type pn
g)
 <use ./Images//DevelopmentPics/AzureCatalogueMSImage.png>
Package pdftex.def Info: ./Images//DevelopmentPics/AzureCatalogueMSImage.png us
ed on input line 15.
(pdftex.def)             Requested size: 569.07275pt x 85.36276pt.

Overfull \hbox (179.07275pt too wide) in paragraph at lines 15--16
[][] 
 []


<./Images//DevelopmentPics/VSConnectionStringCatalogueMSImage.png, id=162, 1431
.09656pt x 281.55188pt>
File: ./Images//DevelopmentPics/VSConnectionStringCatalogueMSImage.png Graphic 
file (type png)

<use ./Images//DevelopmentPics/VSConnectionStringCatalogueMSImage.png>
Package pdftex.def Info: ./Images//DevelopmentPics/VSConnectionStringCatalogueM
SImage.png used on input line 21.
(pdftex.def)             Requested size: 426.79922pt x 142.26204pt.

Overfull \hbox (36.79922pt too wide) in paragraph at lines 21--22
[][] 
 []


LaTeX Warning: `h' float specifier changed to `ht'.

[45]
Overfull \hbox (103.77821pt too wide) in paragraph at lines 28--29
[]\OT1/cmr/m/n/12 The Cat-a-logue class was cre-ated us-ing the sys-tem.Compone
ntModel.DataAnnotations.Schema
 []

[46 <./Images//DevelopmentPics/AzureCatalogueMSImage.png> <./Images//Developmen
tPics/VSConnectionStringCatalogueMSImage.png>]
<./Images//DevelopmentPics/VSDICataMSImage.png, id=171, 526.21594pt x 193.47281
pt>
File: ./Images//DevelopmentPics/VSDICataMSImage.png Graphic file (type png)
 <use ./Images//DevelopmentPics/VSDICataMSImage.png>
Package pdftex.def Info: ./Images//DevelopmentPics/VSDICataMSImage.png used on 
input line 36.
(pdftex.def)             Requested size: 426.8107pt x 184.94356pt.

Overfull \hbox (36.8107pt too wide) in paragraph at lines 36--37
[][] 
 []


<./Images//DevelopmentPics/VSCataAPIController.png, id=172, 377.91188pt x 398.2
3781pt>
File: ./Images//DevelopmentPics/VSCataAPIController.png Graphic file (type png)

 <use ./Images//DevelopmentPics/VSCataAPIController.png>
Package pdftex.def Info: ./Images//DevelopmentPics/VSCataAPIController.png used
 on input line 43.
(pdftex.def)             Requested size: 312.98056pt x 341.44481pt.


LaTeX Warning: `h' float specifier changed to `ht'.

[47 <./Images//DevelopmentPics/VSDICataMSImage.png>] [48 <./Images//Development
Pics/VSCataAPIController.png>]) [49] [50]) [51] [52] (Dissertation.bbl
Underfull \hbox (badness 10000) in paragraph at lines 4--9
[]\OT1/cmr/m/n/12 Douglas K Barry.  Ser-vice ar-chi-tec-ture.
 []


Underfull \hbox (badness 10000) in paragraph at lines 4--9
\OT1/cmr/m/n/12 https://www.service-architecture.com/articles/web-services/serv
ice-
 []


Underfull \hbox (badness 10000) in paragraph at lines 17--20
[]\OT1/cmr/m/n/12 Melvin Con-way.  How do com-mit-tees in-vent?
 []


Underfull \hbox (badness 10000) in paragraph at lines 35--40
[]\OT1/cmr/m/n/12 Neal Ford.  Poly-glot pro-gram-ming.
 []


Underfull \hbox (badness 10000) in paragraph at lines 35--40
\OT1/cmr/m/n/12 https://searchsoftwarequality.techtarget.com/definition/polyglo
t-
 []


Underfull \hbox (badness 10000) in paragraph at lines 42--45
[]\OT1/cmr/m/n/12 Martin Fowler.  Poly-glot per-sis-tence.
 []


Underfull \hbox (badness 10000) in paragraph at lines 47--50
[]\OT1/cmr/m/n/12 Martin Fowler.  Bounded con-text.
 []


Overfull \hbox (156.22166pt too wide) in paragraph at lines 52--57
[]\OT1/cmr/m/n/12 Martin Fowler.  Mi-croser-vices.  https://www.martinfowler.co
m/articles/microservices.html%#footnote-
 []


Underfull \hbox (badness 2197) in paragraph at lines 59--62
[]\OT1/cmr/m/n/12 Todd Hoff.  Ama-zon ar-chi-tec-ture.  highscalability.com/ama
zon-
 []


Underfull \hbox (badness 1173) in paragraph at lines 74--79
[]\OT1/cmr/m/n/12 Yury Izrailevsky and Ariel Tseitlin.  The net-flix's simian a
rmy.
 []


Underfull \hbox (badness 10000) in paragraph at lines 74--79
\OT1/cmr/m/n/12 https://medium.com/netflix-techblog/the-netflix-simian-army-
 []


Underfull \hbox (badness 10000) in paragraph at lines 81--84
[]\OT1/cmr/m/n/12 Scott Leberknight.  Poly-glot per-sis-tence.
 []


Underfull \hbox (badness 10000) in paragraph at lines 81--84
\OT1/cmr/m/n/12 www.sleberknight.com/blog/sleberkn/entry/polyglot[]persistence,

 []

[53]
Underfull \hbox (badness 2103) in paragraph at lines 86--91
[]\OT1/cmr/m/n/12 lokesh Gupta.  Mi-croser-vices - def-i-ni-tion, prin-ci-ples 
and ben-e-
 []


Underfull \hbox (badness 10000) in paragraph at lines 99--104
[]\OT1/cmr/m/n/12 Microsoft.  Asp.net core mvc with en-tity frame-work
 []


Underfull \hbox (badness 10000) in paragraph at lines 99--104
\OT1/cmr/m/n/12 core.  https://docs.microsoft.com/en-us/aspnet/core/data/ef-
 []


Underfull \hbox (badness 1521) in paragraph at lines 111--116
\OT1/cmr/m/n/12 database.  https://docs.microsoft.com/en-us/azure/sql-database/
sql-
 []


Underfull \hbox (badness 6758) in paragraph at lines 123--128
[]\OT1/cmr/m/n/12 Nitin Pan-dit.  En-tity frame-work with mi-crosoft azure sql.

 []


Underfull \hbox (badness 10000) in paragraph at lines 123--128
\OT1/cmr/m/n/12 https://www.c-sharpcorner.com/article/entity-framework-with-
 []


Underfull \hbox (badness 10000) in paragraph at lines 134--137
[]\OT1/cmr/m/n/12 Margaret Rouse.  Poly-glot pro-gram-ming.
 []


Underfull \hbox (badness 10000) in paragraph at lines 139--143
[]\OT1/cmr/m/n/12 Margaret Rouse.  Mono-lithic ar-chi-tec-ture.
 []


Underfull \hbox (badness 10000) in paragraph at lines 139--143
\OT1/cmr/m/n/12 https://whatis.techtarget.com/definition/monolithic-architectur
e,
 []


Underfull \hbox (badness 2205) in paragraph at lines 149--152
[]\OT1/cmr/m/n/12 Teach Com-puter Sci-ence.  Syn-chronous and asyn-chronous dat
a
 []


Underfull \hbox (badness 4913) in paragraph at lines 149--152
\OT1/cmr/m/n/12 trans-mis-sion.  https://teachcomputerscience.com/synchronous-a
nd-
 []


Underfull \hbox (badness 4441) in paragraph at lines 157--162
[]\OT1/cmr/m/n/12 Steve Smith, Scott Ad-die, and Luke Latham.  De-pen-dency
 []


Underfull \hbox (badness 10000) in paragraph at lines 157--162
\OT1/cmr/m/n/12 in-jec-tion in asp.net core.  https://docs.microsoft.com/en-
 []


Underfull \hbox (badness 10000) in paragraph at lines 157--162
\OT1/cmr/m/n/12 us/aspnet/core/fundamentals/dependency-injection?view=aspnetcor
e-
 []

[54]
Underfull \hbox (badness 10000) in paragraph at lines 164--168
[]\OT1/cmr/m/n/12 techopedia.  Mod-u-lar pro-gram-ming.
 []


Underfull \hbox (badness 10000) in paragraph at lines 164--168
\OT1/cmr/m/n/12 https://www.techopedia.com/definition/25912/modular-programming
,
 []

) [55] [56]
<./Images/AuthenticationMicroserviceClassDiagram.jpg, id=207, 453.94594pt x 105
.39375pt>
File: ./Images/AuthenticationMicroserviceClassDiagram.jpg Graphic file (type jp
g)
 <use ./Images/AuthenticationMicroserviceClassDiagram.jpg>
Package pdftex.def Info: ./Images/AuthenticationMicroserviceClassDiagram.jpg us
ed on input line 131.
(pdftex.def)             Requested size: 426.79236pt x 142.26736pt.

Overfull \hbox (36.79236pt too wide) in paragraph at lines 131--132
[][] 
 []

<./Images/BasketMicroserviceClassDiagram.jpg, id=208, 450.9347pt x 132.495pt>
File: ./Images/BasketMicroserviceClassDiagram.jpg Graphic file (type jpg)

<use ./Images/BasketMicroserviceClassDiagram.jpg>
Package pdftex.def Info: ./Images/BasketMicroserviceClassDiagram.jpg used on in
put line 137.
(pdftex.def)             Requested size: 426.81673pt x 142.27365pt.

Overfull \hbox (36.81673pt too wide) in paragraph at lines 137--138
[][] 
 []

[57 <./Images/AuthenticationMicroserviceClassDiagram.jpg> <./Images/BasketMicro
serviceClassDiagram.jpg>]
<./Images/CatalogueMicroserviceClassDiagram.jpg, id=212, 548.80031pt x 304.1362
5pt>
File: ./Images/CatalogueMicroserviceClassDiagram.jpg Graphic file (type jpg)
 <use ./Images/CatalogueMicroserviceClassDiagram.jpg>
Package pdftex.def Info: ./Images/CatalogueMicroserviceClassDiagram.jpg used on
 input line 144.
(pdftex.def)             Requested size: 426.79803pt x 284.533pt.

Overfull \hbox (36.79803pt too wide) in paragraph at lines 144--145
[][] 
 []

[58 <./Images/CatalogueMicroserviceClassDiagram.jpg>]
<./Images/CheckoutMicroserviceClassDiagram.jpg, id=216, 447.17062pt x 114.4275p
t>
File: ./Images/CheckoutMicroserviceClassDiagram.jpg Graphic file (type jpg)
 <use ./Images/CheckoutMicroserviceClassDiagram.jpg>
Package pdftex.def Info: ./Images/CheckoutMicroserviceClassDiagram.jpg used on 
input line 151.
(pdftex.def)             Requested size: 426.80206pt x 142.26926pt.

Overfull \hbox (36.80206pt too wide) in paragraph at lines 151--152
[][] 
 []


<./Images/CustomerMicroserviceClassDiagram.jpg, id=217, 507.39563pt x 263.48438
pt>
File: ./Images/CustomerMicroserviceClassDiagram.jpg Graphic file (type jpg)
 <use ./Images/CustomerMicroserviceClassDiagram.jpg>
Package pdftex.def Info: ./Images/CustomerMicroserviceClassDiagram.jpg used on 
input line 157.
(pdftex.def)             Requested size: 426.80557pt x 227.63342pt.

Overfull \hbox (36.80557pt too wide) in paragraph at lines 157--158
[][] 
 []

[59 <./Images/CheckoutMicroserviceClassDiagram.jpg> <./Images/CustomerMicroserv
iceClassDiagram.jpg>] (Dissertation.aux) ) 
Here is how much of TeX's memory you used:
 3985 strings out of 493323
 62901 string characters out of 3130015
 125155 words of memory out of 3000000
 7400 multiletter control sequences out of 15000+200000
 9495 words of font info for 33 fonts, out of 3000000 for 9000
 1141 hyphenation exceptions out of 8191
 44i,11n,43p,1103b,322s stack positions out of 5000i,500n,10000p,200000b,50000s
<C:/Users/j_mit/AppData/Local/Program
s/MiKTeX 2.9/fonts/type1/public/amsfonts/cm/cmbx10.pfb><C:/Users/j_mit/AppData/
Local/Programs/MiKTeX 2.9/fonts/type1/public/amsfonts/cm/cmbx12.pfb><C:/Users/j
_mit/AppData/Local/Programs/MiKTeX 2.9/fonts/type1/public/amsfonts/cm/cmr10.pfb
><C:/Users/j_mit/AppData/Local/Programs/MiKTeX 2.9/fonts/type1/public/amsfonts/
cm/cmr12.pfb><C:/Users/j_mit/AppData/Local/Programs/MiKTeX 2.9/fonts/type1/publ
ic/amsfonts/cm/cmsy10.pfb><C:/Users/j_mit/AppData/Local/Programs/MiKTeX 2.9/fon
ts/type1/public/amsfonts/cm/cmti12.pfb>
Output written on Dissertation.pdf (60 pages, 864950 bytes).
PDF statistics:
 243 PDF objects out of 1000 (max. 8388607)
 0 named destinations out of 1000 (max. 500000)
 91 words of extra memory for PDF output out of 10000 (max. 10000000)

